<?xml version="1.0" encoding="UTF-8"?>
<testsuite xmlns:xsi="http://www.w3.org/2001/XMLSchema-instance" xsi:noNamespaceSchemaLocation="https://maven.apache.org/surefire/maven-surefire-plugin/xsd/surefire-test-report.xsd" name="com.testdouble.bankocr.EntryTest" time="0.008" tests="9" errors="0" skipped="0" failures="0">
  <properties>
[...]
</properties>
  <testcase name="parseInputNominal_ValidParam_ShouldReturnListOfDigits" classname="com.testdouble.bankocr.EntryTest" time="0.001"/>
  <testcase name="parseInputNotSize4ValidParam_NotSize4Valid_ShouldReturnNull" classname="com.testdouble.bankocr.EntryTest" time="0.001"/>
  <testcase name="validEntryIsValid_ValidEntry_ShouldReturnTrue" classname="com.testdouble.bankocr.EntryTest" time="0"/>
  <testcase name="defaultConstructorIsValid_Default_ShouldReturnFalse" classname="com.testdouble.bankocr.EntryTest" time="0.001"/>
  <testcase name="invalidEntryToString_InvalidEntry_ShouldReturnInvalidString" classname="com.testdouble.bankocr.EntryTest" time="0.001"/>
  <testcase name="invalidEntryIsValid_InvalidEntry_ShouldReturnFalse" classname="com.testdouble.bankocr.EntryTest" time="0.001"/>
  <testcase name="validEntryToString_ValidEntry_ShouldReturnValidString" classname="com.testdouble.bankocr.EntryTest" time="0.001"/>
  <testcase name="parseInputEmptyValidParam_EmptyValid_ShouldReturnNull" classname="com.testdouble.bankocr.EntryTest" time="0"/>
  <testcase name="defaultConstructorToString_Default_ShouldReturnBlankString" classname="com.testdouble.bankocr.EntryTest" time="0"/>
</testsuite>